# JRE version: OpenJDK Runtime Environment (11.0.10) (build 11.0.10+0-b96-7249189)
# Java VM: OpenJDK 64-Bit Server VM (11.0.10+0-b96-7249189, mixed mode, tiered, compressed oops, g1 gc, windows-amd64)
Heap:
 garbage-first heap   total 236544K, used 113779K [0x0000000080000000, 0x0000000100000000)
  region size 1024K, 19 young (19456K), 7 survivors (7168K)
 Metaspace       used 103339K, capacity 105636K, committed 105752K, reserved 1140736K
  class space    used 12712K, capacity 13521K, committed 13592K, reserved 1048576K
GC Heap History (20 events):
Event: 35.332 GC heap before
{Heap before GC invocations=23 (full 0):
 garbage-first heap   total 236544K, used 118167K [0x0000000080000000, 0x0000000100000000)
  region size 1024K, 12 young (12288K), 4 survivors (4096K)
 Metaspace       used 90433K, capacity 92556K, committed 92824K, reserved 1130496K
  class space    used 11535K, capacity 12311K, committed 12440K, reserved 1048576K
}
Event: 35.351 GC heap after
{Heap after GC invocations=24 (full 0):
 garbage-first heap   total 236544K, used 117378K [0x0000000080000000, 0x0000000100000000)
  region size 1024K, 9 young (9216K), 9 survivors (9216K)
 Metaspace       used 90433K, capacity 92556K, committed 92824K, reserved 1130496K
  class space    used 11535K, capacity 12311K, committed 12440K, reserved 1048576K
}
Event: 36.922 GC heap before
{Heap before GC invocations=25 (full 0):
 garbage-first heap   total 236544K, used 182914K [0x0000000080000000, 0x0000000100000000)
  region size 1024K, 57 young (58368K), 9 survivors (9216K)
 Metaspace       used 94212K, capacity 96358K, committed 96664K, reserved 1132544K
  class space    used 11832K, capacity 12617K, committed 12696K, reserved 1048576K
}
Event: 36.952 GC heap after
{Heap after GC invocations=26 (full 0):
 garbage-first heap   total 236544K, used 122936K [0x0000000080000000, 0x0000000100000000)
  region size 1024K, 7 young (7168K), 7 survivors (7168K)
 Metaspace       used 94212K, capacity 96358K, committed 96664K, reserved 1132544K
  class space    used 11832K, capacity 12617K, committed 12696K, reserved 1048576K
}
Event: 37.609 GC heap before
{Heap before GC invocations=26 (full 0):
 garbage-first heap   total 236544K, used 171064K [0x0000000080000000, 0x0000000100000000)
  region size 1024K, 55 young (56320K), 7 survivors (7168K)
 Metaspace       used 94823K, capacity 96934K, committed 97176K, reserved 1134592K
  class space    used 11856K, capacity 12617K, committed 12696K, reserved 1048576K
}
Event: 37.617 GC heap after
{Heap after GC invocations=27 (full 0):
 garbage-first heap   total 236544K, used 121768K [0x0000000080000000, 0x0000000100000000)
  region size 1024K, 1 young (1024K), 1 survivors (1024K)
 Metaspace       used 94823K, capacity 96934K, committed 97176K, reserved 1134592K
  class space    used 11856K, capacity 12617K, committed 12696K, reserved 1048576K
}
Event: 39.141 GC heap before
{Heap before GC invocations=28 (full 0):
 garbage-first heap   total 236544K, used 155560K [0x0000000080000000, 0x0000000100000000)
  region size 1024K, 53 young (54272K), 1 survivors (1024K)
 Metaspace       used 96815K, capacity 99064K, committed 99480K, reserved 1136640K
  class space    used 12014K, capacity 12812K, committed 12952K, reserved 1048576K
}
Event: 39.147 GC heap after
{Heap after GC invocations=29 (full 0):
 garbage-first heap   total 236544K, used 103419K [0x0000000080000000, 0x0000000100000000)
  region size 1024K, 2 young (2048K), 2 survivors (2048K)
 Metaspace       used 96815K, capacity 99064K, committed 99480K, reserved 1136640K
  class space    used 12014K, capacity 12812K, committed 12952K, reserved 1048576K
}
Event: 39.584 GC heap before
{Heap before GC invocations=29 (full 0):
 garbage-first heap   total 236544K, used 111611K [0x0000000080000000, 0x0000000100000000)
  region size 1024K, 11 young (11264K), 2 survivors (2048K)
 Metaspace       used 96920K, capacity 99156K, committed 99480K, reserved 1136640K
  class space    used 12014K, capacity 12812K, committed 12952K, reserved 1048576K
}
Event: 39.593 GC heap after
{Heap after GC invocations=30 (full 0):
 garbage-first heap   total 236544K, used 94841K [0x0000000080000000, 0x0000000100000000)
  region size 1024K, 2 young (2048K), 2 survivors (2048K)
 Metaspace       used 96920K, capacity 99156K, committed 99480K, reserved 1136640K
  class space    used 12014K, capacity 12812K, committed 12952K, reserved 1048576K
}
Event: 41.280 GC heap before
{Heap before GC invocations=30 (full 0):
 garbage-first heap   total 236544K, used 164473K [0x0000000080000000, 0x0000000100000000)
  region size 1024K, 71 young (72704K), 2 survivors (2048K)
 Metaspace       used 100394K, capacity 102586K, committed 102936K, reserved 1138688K
  class space    used 12438K, capacity 13224K, committed 13336K, reserved 1048576K
}
Event: 41.288 GC heap after
{Heap after GC invocations=31 (full 0):
 garbage-first heap   total 236544K, used 96686K [0x0000000080000000, 0x0000000100000000)
  region size 1024K, 4 young (4096K), 4 survivors (4096K)
 Metaspace       used 100394K, capacity 102586K, committed 102936K, reserved 1138688K
  class space    used 12438K, capacity 13224K, committed 13336K, reserved 1048576K
}
Event: 42.217 GC heap before
{Heap before GC invocations=31 (full 0):
 garbage-first heap   total 236544K, used 169390K [0x0000000080000000, 0x0000000100000000)
  region size 1024K, 76 young (77824K), 4 survivors (4096K)
 Metaspace       used 102056K, capacity 104323K, committed 104472K, reserved 1140736K
  class space    used 12622K, capacity 13458K, committed 13592K, reserved 1048576K
}
Event: 42.234 GC heap after
{Heap after GC invocations=32 (full 0):
 garbage-first heap   total 236544K, used 99439K [0x0000000080000000, 0x0000000100000000)
  region size 1024K, 6 young (6144K), 6 survivors (6144K)
 Metaspace       used 102056K, capacity 104323K, committed 104472K, reserved 1140736K
  class space    used 12622K, capacity 13458K, committed 13592K, reserved 1048576K
}
Event: 43.932 GC heap before
{Heap before GC invocations=32 (full 0):
 garbage-first heap   total 236544K, used 175215K [0x0000000080000000, 0x0000000100000000)
  region size 1024K, 82 young (83968K), 6 survivors (6144K)
 Metaspace       used 102510K, capacity 104710K, committed 104984K, reserved 1140736K
  class space    used 12657K, capacity 13473K, committed 13592K, reserved 1048576K
}
Event: 43.949 GC heap after
{Heap after GC invocations=33 (full 0):
 garbage-first heap   total 236544K, used 100952K [0x0000000080000000, 0x0000000100000000)
  region size 1024K, 7 young (7168K), 7 survivors (7168K)
 Metaspace       used 102510K, capacity 104710K, committed 104984K, reserved 1140736K
  class space    used 12657K, capacity 13473K, committed 13592K, reserved 1048576K
}
Event: 45.494 GC heap before
{Heap before GC invocations=33 (full 0):
 garbage-first heap   total 236544K, used 178776K [0x0000000080000000, 0x0000000100000000)
  region size 1024K, 84 young (86016K), 7 survivors (7168K)
 Metaspace       used 102537K, capacity 104776K, committed 104984K, reserved 1140736K
  class space    used 12657K, capacity 13473K, committed 13592K, reserved 1048576K
}
Event: 45.507 GC heap after
{Heap after GC invocations=34 (full 0):
 garbage-first heap   total 236544K, used 102364K [0x0000000080000000, 0x0000000100000000)
  region size 1024K, 6 young (6144K), 6 survivors (6144K)
 Metaspace       used 102537K, capacity 104776K, committed 104984K, reserved 1140736K
  class space    used 12657K, capacity 13473K, committed 13592K, reserved 1048576K
}
Event: 47.863 GC heap before
{Heap before GC invocations=34 (full 0):
 garbage-first heap   total 236544K, used 182236K [0x0000000080000000, 0x0000000100000000)
  region size 1024K, 85 young (87040K), 6 survivors (6144K)
 Metaspace       used 103293K, capacity 105570K, committed 105752K, reserved 1140736K
  class space    used 12712K, capacity 13521K, committed 13592K, reserved 1048576K
}
Event: 47.877 GC heap after
{Heap after GC invocations=35 (full 0):
 garbage-first heap   total 236544K, used 103539K [0x0000000080000000, 0x0000000100000000)
  region size 1024K, 7 young (7168K), 7 survivors (7168K)
 Metaspace       used 103293K, capacity 105570K, committed 105752K, reserved 1140736K
  class space    used 12712K, capacity 13521K, committed 13592K, reserved 1048576K
}

